#  Sat Jun 15 19:49:52 2019
#  
#  RecalEnergy
#  -spe ../../Data/06C/Prod__4-38-32768-UI__Ampli.spec -sub 38 -num 38 -gain 2 -60Co 
#  
#  Data format UI 32768      Search region 50 32717
#
#  Energies used for the calibration 
#    0  1173.238
#    1  1332.513
#  
#  Spectra taken from file : ../../Data/06C/Prod__4-38-32768-UI__Ampli.spec
#  
# indx  #spec #pks #ok   rEnergy     FW05     FW01      Area  Position  Width   Ampli    WTML    WTMR  slope*gain rChi2%
# 
     0     38    6   2   1332.54    2.183    3.981     10183   3721.89    6.1    1563   1.825   1.823    0.716056   0.15
     1     39    6   2   1332.66    1.926    3.532      5492   3690.62    5.3     959   1.845   1.823    0.722185   4.65
     2     40    6   2   1332.51    1.894    3.489      5904   3730.05    5.3    1034   1.861   1.823    0.714472   0.00
     3     41    6   2   1332.53    1.929    3.535      6080   3706.08    5.4    1057   1.842   1.823    0.719106   0.09
     4     42    6   2   1332.54    2.161    3.988      4905   3739.50    6.1     751   1.869   1.823    0.712684   0.15
     5     43    6   2   1332.51    2.031    3.704      5111   3587.88    5.5     872   1.824   1.824    0.742783   0.00
     6     44    6   2   1332.55    2.061    3.759      9189   3638.69    5.6    1528   1.824   1.823    0.732435   0.33
     7     45    6   2   1332.45    1.947    3.590      6878   3712.67    5.4    1177   1.865   1.823    0.717783   1.05
     8     46    6   2   1332.43    1.897    3.473     10552   3677.98    5.2    1880   1.839   1.823    0.724544   1.56
     9     47    6   2   1332.58    2.013    3.670     14885   3585.57    5.4    2568   1.824   1.823    0.743302   1.08
    10     48    4   2   1332.57    2.012    3.673     15286   3592.87    5.4    2628   1.823   1.829    0.741783   0.66
    11     49    6   2   1332.55    1.941    3.595     15396   3718.63    5.4    2628   1.867   1.837    0.716688   0.30
    12     50    6   2   1332.54    2.016    3.675      5443   3578.00    5.4     943   1.823   1.823    0.744853   0.20
    13     51    6   2   1332.47    1.978    3.650      3342   3680.73    5.5     568   1.867   1.823    0.724023   0.50
    14     52    6   2   1332.62    1.938    3.554      4712   3741.13    5.4     807   1.846   1.823    0.712418   2.79
    15     53    6   2   1332.54    2.035    3.723      5803   3659.64    5.6     970   1.836   1.823    0.728237   0.21
    16     54    6   2   1332.49    1.970    3.617      5110   3712.29    5.5     866   1.850   1.823    0.717877   0.17
    17     55    6   2   1332.52    1.940    3.554      5806   3745.08    5.5     993   1.841   1.823    0.711612   0.02
    18     56    6   2   1332.38    1.975    3.608      4703   3609.84    5.4     821   1.831   1.823    0.738192   4.20
    19     57    6   2   1332.50    1.823    3.458      2172   3701.71    5.1     394   1.971   1.823    0.719937   0.05
    20     58    6   2   1332.38    2.026    3.695      2753   3588.45    5.5     472   1.826   1.823    0.742594   4.02
    21     59    6   2   1332.61    1.922    3.520      2900   3591.60    5.2     523   1.841   1.823    0.742073   2.35
    22     60    6   2   1332.52    1.994    3.639      2254   3648.94    5.5     386   1.828   1.823    0.730361   0.02
    23     61    6   2   1332.51    1.860    3.395      1750   3618.06    5.1     324   1.823   1.827    0.736587   0.01
    24     62    6   2   1332.54    2.028    3.696      7008   3741.88    5.7    1153   1.823   1.823    0.712229   0.16
    25     63    6   2   1332.53    1.915    3.526      3837   3667.00    5.3     677   1.861   1.823    0.726768   0.06
    26     64    6   2   1332.46    1.990    3.627      5215   3672.51    5.5     891   1.823   1.823    0.725642   0.55
    27     65    6   2   1332.58    2.074    3.780      5582   3649.42    5.7     920   1.823   1.823    0.730297   1.04
    28     66    6   2   1332.55    1.987    3.690      4892   3612.25    5.4     841   1.891   1.823    0.737797   0.40
    29     67    6   2   1332.39    1.937    3.544      3994   3693.33    5.4     694   1.836   1.823    0.721508   3.75
    30     68    6   2   1332.39    2.057    3.752      8640   3617.56    5.6    1446   1.825   1.823    0.736621   3.70
    31     69    6   2   1332.80    1.898    3.487      4986   3630.72    5.2     897   1.851   1.823    0.734177  18.26
    32     70    6   2   1332.63    1.887    3.472      5149   3617.72    5.1     936   1.858   1.823    0.736722   2.91
    33     71    6   2   1332.64    1.971    3.593      4941   3632.33    5.4     860   1.823   1.823    0.733766   3.69
    34     72    6   2   1332.60    2.033    3.705      3796   3605.74    5.5     648   1.823   1.823    0.739155   1.74
    35     73    6   2   1332.59    1.973    3.596      2905   3700.47    5.5     497   1.823   1.823    0.720230   1.47
    36     74    6   2   1332.49    2.865    5.252    222546   3317.09    7.1   29110   1.823   1.844    0.803410   0.11
    37     75    2   2   1332.59    2.993    5.471    222588   1855.29    4.2   49891   1.823   1.834    1.436528   1.35
